d:\file\visual studio 2015\projects\all-remane\all-remane\debug\uic\ui_allremane.h
d:\file\visual studio 2015\projects\all-remane\all-remane\debug\rcc\qrc_allremane.cpp
d:\file\visual studio 2015\projects\all-remane\all-remane\debug\moc\moc_allremane.cpp
d:\file\visual studio 2015\projects\all-remane\all-remane\debug\moc_allremane.obj
d:\file\visual studio 2015\projects\all-remane\all-remane\debug\qrc_allremane.obj
d:\file\visual studio 2015\projects\all-remane\all-remane\debug\vc140.pdb
d:\file\visual studio 2015\projects\all-remane\all-remane\debug\main.obj
d:\file\visual studio 2015\projects\all-remane\all-remane\debug\allremane.obj
d:\file\visual studio 2015\projects\all-remane\all-remane\debug\\moc\moc_allremane.cpp
d:\file\visual studio 2015\projects\all-remane\all-remane\debug\\rcc\qrc_allremane.cpp
d:\file\visual studio 2015\projects\all-remane\all-remane\debug\\uic\ui_allremane.h
d:\file\visual studio 2015\projects\all-remane\debug\all-remane.pdb
d:\file\visual studio 2015\projects\all-remane\all-remane\debug\all-remane.tlog\all-remane.write.1u.tlog
d:\file\visual studio 2015\projects\all-remane\all-remane\debug\all-remane.tlog\cl.command.1.tlog
d:\file\visual studio 2015\projects\all-remane\all-remane\debug\all-remane.tlog\cl.read.1.tlog
d:\file\visual studio 2015\projects\all-remane\all-remane\debug\all-remane.tlog\cl.write.1.tlog
d:\file\visual studio 2015\projects\all-remane\all-remane\debug\all-remane.tlog\link-cvtres.read.1.tlog
d:\file\visual studio 2015\projects\all-remane\all-remane\debug\all-remane.tlog\link-cvtres.write.1.tlog
d:\file\visual studio 2015\projects\all-remane\all-remane\debug\all-remane.tlog\link-rc.read.1.tlog
d:\file\visual studio 2015\projects\all-remane\all-remane\debug\all-remane.tlog\link-rc.write.1.tlog
d:\file\visual studio 2015\projects\all-remane\all-remane\debug\all-remane.tlog\link.command.1.tlog
d:\file\visual studio 2015\projects\all-remane\all-remane\debug\all-remane.tlog\link.read.1.tlog
d:\file\visual studio 2015\projects\all-remane\all-remane\debug\all-remane.tlog\link.write.1.tlog
d:\file\visual studio 2015\projects\all-remane\all-remane\debug\all-remane.tlog\moc.read.1u.tlog
d:\file\visual studio 2015\projects\all-remane\all-remane\debug\all-remane.tlog\moc.write.1u.tlog
d:\file\visual studio 2015\projects\all-remane\all-remane\debug\all-remane.tlog\rcc.read.1u.tlog
d:\file\visual studio 2015\projects\all-remane\all-remane\debug\all-remane.tlog\rcc.write.1u.tlog
d:\file\visual studio 2015\projects\all-remane\all-remane\debug\all-remane.tlog\uic.read.1u.tlog
d:\file\visual studio 2015\projects\all-remane\all-remane\debug\all-remane.tlog\uic.write.1u.tlog
